Using pre-set license
Built from '6000.0/staging' branch; Version is '6000.0.26f1 (ccb7c73d2c02) revision 13416391'; Using compiler version '193933523'; Build Type 'Release'
OS: 'Windows 11  (10.0.26100) 64bit Professional' Language: 'ko' Physical Memory: 8036 MB
BatchMode: 1, IsHumanControllingUs: 0, StartBugReporterOnCrash: 0, Is64bit: 1, IsPro: 1

COMMAND LINE ARGUMENTS:
C:\Program Files\Unity\Hub\Editor\6000.0.26f1\Editor\Unity.exe
-adb2
-batchMode
-noUpm
-name
AssetImportWorker0
-projectPath
C:/Users/Nextop/Documents/강민준/goodbadguy
-logFile
Logs/AssetImportWorker0.log
-srvPort
61230
-job-worker-count
2
-background-job-worker-count
8
-asset-garbage-collectors
1
Successfully changed project path to: C:/Users/Nextop/Documents/강민준/goodbadguy
C:/Users/Nextop/Documents/강민준/goodbadguy
[UnityMemory] Configuration Parameters - Can be set up in boot.config
    "memorysetup-bucket-allocator-granularity=16"
    "memorysetup-bucket-allocator-bucket-count=8"
    "memorysetup-bucket-allocator-block-size=33554432"
    "memorysetup-bucket-allocator-block-count=8"
    "memorysetup-main-allocator-block-size=16777216"
    "memorysetup-thread-allocator-block-size=16777216"
    "memorysetup-gfx-main-allocator-block-size=16777216"
    "memorysetup-gfx-thread-allocator-block-size=16777216"
    "memorysetup-cache-allocator-block-size=4194304"
    "memorysetup-typetree-allocator-block-size=2097152"
    "memorysetup-profiler-bucket-allocator-granularity=16"
    "memorysetup-profiler-bucket-allocator-bucket-count=8"
    "memorysetup-profiler-bucket-allocator-block-size=33554432"
    "memorysetup-profiler-bucket-allocator-block-count=8"
    "memorysetup-profiler-allocator-block-size=16777216"
    "memorysetup-profiler-editor-allocator-block-size=1048576"
    "memorysetup-temp-allocator-size-main=16777216"
    "memorysetup-job-temp-allocator-block-size=2097152"
    "memorysetup-job-temp-allocator-block-size-background=1048576"
    "memorysetup-job-temp-allocator-reduction-small-platforms=262144"
    "memorysetup-allocator-temp-initial-block-size-main=262144"
    "memorysetup-allocator-temp-initial-block-size-worker=262144"
    "memorysetup-temp-allocator-size-background-worker=32768"
    "memorysetup-temp-allocator-size-job-worker=262144"
    "memorysetup-temp-allocator-size-preload-manager=33554432"
    "memorysetup-temp-allocator-size-nav-mesh-worker=65536"
    "memorysetup-temp-allocator-size-audio-worker=65536"
    "memorysetup-temp-allocator-size-cloud-worker=32768"
    "memorysetup-temp-allocator-size-gi-baking-worker=262144"
    "memorysetup-temp-allocator-size-gi-baking-worker=262144"
    "memorysetup-temp-allocator-size-gi-baking-worker=262144"
    "memorysetup-temp-allocator-size-gi-baking-worker=262144"
    "memorysetup-temp-allocator-size-gi-baking-worker=262144"
    "memorysetup-temp-allocator-size-gfx=262144"
Player connection [4412]  Target information:

Player connection [4412]  * "[IP] 192.168.0.124 [Port] 0 [Flags] 2 [Guid] 3742010267 [EditorId] 3742010267 [Version] 1048832 [Id] WindowsEditor(7,Nextop-PC) [Debug] 1 [PackageName] WindowsEditor [ProjectName] Editor" 

Player connection [4412] Host joined multi-casting on [225.0.0.222:54997]...
Player connection [4412] Host joined alternative multi-casting on [225.0.0.222:34997]...
JobSystem: Creating JobQueue using job-worker-count value 2
[Physics::Module] Initialized fallback backend.
[Physics::Module] Id: 0xdecafbad
Library Redirect Path: Library/
[Physics::Module] Selected backend.
[Physics::Module] Name: PhysX
[Physics::Module] Id: 0xf2b8ea05
[Physics::Module] SDK Version: 4.1.2
[Physics::Module] Integration Version: 1.0.0
[Physics::Module] Threading Mode: Multi-Threaded
Refreshing native plugins compatible for Editor in 188.43 ms, found 4 plugins.
Preloading 0 native plugins for Editor in 0.00 ms.
Initialize engine version: 6000.0.26f1 (ccb7c73d2c02)
[Subsystems] Discovering subsystems at path C:/Program Files/Unity/Hub/Editor/6000.0.26f1/Editor/Data/Resources/UnitySubsystems
[Subsystems] Discovering subsystems at path C:/Users/Nextop/Documents/강민준/goodbadguy/Assets
GfxDevice: creating device client; kGfxThreadingModeNonThreaded
Direct3D:
    Version:  Direct3D 11.0 [level 11.1]
    Renderer: Intel(R) UHD Graphics 630 (ID=0x3e92)
    Vendor:   Intel
    VRAM:     4018 MB
    Driver:   31.0.101.2111
Initialize mono
Mono path[0] = 'C:/Program Files/Unity/Hub/Editor/6000.0.26f1/Editor/Data/Managed'
Mono path[1] = 'C:/Program Files/Unity/Hub/Editor/6000.0.26f1/Editor/Data/MonoBleedingEdge/lib/mono/unityjit-win32'
Mono config path = 'C:/Program Files/Unity/Hub/Editor/6000.0.26f1/Editor/Data/MonoBleedingEdge/etc'
Using monoOptions --debugger-agent=transport=dt_socket,embedding=1,server=y,suspend=n,address=127.0.0.1:56252
Begin MonoManager ReloadAssembly
Registering precompiled unity dll's ...
Register platform support module: C:/Program Files/Unity/Hub/Editor/6000.0.26f1/Editor/Data/PlaybackEngines/WindowsStandaloneSupport/UnityEditor.WindowsStandalone.Extensions.dll
Registered in 0.005670 seconds.
- Loaded All Assemblies, in  1.122 seconds
Native extension for WindowsStandalone target not found
Mono: successfully reloaded assembly
- Finished resetting the current domain, in  1.679 seconds
Domain Reload Profiling: 2800ms
	BeginReloadAssembly (525ms)
		ExecutionOrderSort (0ms)
		DisableScriptedObjects (0ms)
		BackupInstance (0ms)
		ReleaseScriptingObjects (0ms)
		CreateAndSetChildDomain (1ms)
	RebuildCommonClasses (60ms)
	RebuildNativeTypeToScriptingClass (16ms)
	initialDomainReloadingComplete (58ms)
	LoadAllAssembliesAndSetupDomain (461ms)
		LoadAssemblies (522ms)
		RebuildTransferFunctionScriptingTraits (0ms)
		AnalyzeDomain (457ms)
			TypeCache.Refresh (451ms)
				TypeCache.ScanAssembly (414ms)
			BuildScriptInfoCaches (1ms)
			ResolveRequiredComponents (1ms)
	FinalizeReload (1680ms)
		ReleaseScriptCaches (0ms)
		RebuildScriptCaches (0ms)
		SetupLoadedEditorAssemblies (1452ms)
			LogAssemblyErrors (0ms)
			InitializePlatformSupportModulesInManaged (228ms)
			SetLoadedEditorAssemblies (25ms)
			BeforeProcessingInitializeOnLoad (13ms)
			ProcessInitializeOnLoadAttributes (1097ms)
			ProcessInitializeOnLoadMethodAttributes (86ms)
			AfterProcessingInitializeOnLoad (3ms)
			EditorAssembliesLoaded (0ms)
		ExecutionOrderSort2 (0ms)
		AwakeInstancesAfterBackupRestoration (0ms)
========================================================================
Worker process is ready to serve import requests
Import Worker Mode flag is 0x00
Begin MonoManager ReloadAssembly
- Loaded All Assemblies, in  4.256 seconds
Refreshing native plugins compatible for Editor in 1.70 ms, found 4 plugins.
Native extension for WindowsStandalone target not found
Mono: successfully reloaded assembly
- Finished resetting the current domain, in  1.368 seconds
Domain Reload Profiling: 5610ms
	BeginReloadAssembly (2902ms)
		ExecutionOrderSort (0ms)
		DisableScriptedObjects (16ms)
		BackupInstance (0ms)
		ReleaseScriptingObjects (0ms)
		CreateAndSetChildDomain (93ms)
	RebuildCommonClasses (92ms)
	RebuildNativeTypeToScriptingClass (25ms)
	initialDomainReloadingComplete (109ms)
	LoadAllAssembliesAndSetupDomain (1113ms)
		LoadAssemblies (1074ms)
		RebuildTransferFunctionScriptingTraits (0ms)
		AnalyzeDomain (356ms)
			TypeCache.Refresh (242ms)
				TypeCache.ScanAssembly (222ms)
			BuildScriptInfoCaches (98ms)
			ResolveRequiredComponents (12ms)
	FinalizeReload (1371ms)
		ReleaseScriptCaches (0ms)
		RebuildScriptCaches (0ms)
		SetupLoadedEditorAssemblies (818ms)
			LogAssemblyErrors (0ms)
			InitializePlatformSupportModulesInManaged (3ms)
			SetLoadedEditorAssemblies (4ms)
			BeforeProcessingInitializeOnLoad (78ms)
			ProcessInitializeOnLoadAttributes (566ms)
			ProcessInitializeOnLoadMethodAttributes (152ms)
			AfterProcessingInitializeOnLoad (15ms)
			EditorAssembliesLoaded (1ms)
		ExecutionOrderSort2 (0ms)
		AwakeInstancesAfterBackupRestoration (12ms)
Launched and connected shader compiler UnityShaderCompiler.exe after 0.05 seconds
Refreshing native plugins compatible for Editor in 4.60 ms, found 4 plugins.
Preloading 0 native plugins for Editor in 0.00 ms.
Unloading 206 Unused Serialized files (Serialized files now loaded: 0)
Unloading 6513 unused Assets / (4.0 MB). Loaded Objects now: 7294.
Memory consumption went from 194.1 MB to 190.2 MB.
Total: 38.798000 ms (FindLiveObjects: 4.982900 ms CreateObjectMapping: 4.089200 ms MarkObjects: 19.149000 ms  DeleteObjects: 10.575000 ms)

========================================================================
Received Import Request.
  Time since last request: 196498.267459 seconds.
  path: Assets/InputSystem_Actions.inputactions
  artifactKey: Guid(2bcd2660ca9b64942af0de543d8d7100) Importer(815301076,1909f56bfc062723c751e8b465ee728b)
Start importing Assets/InputSystem_Actions.inputactions using Guid(2bcd2660ca9b64942af0de543d8d7100) Importer(815301076,1909f56bfc062723c751e8b465ee728b) (PreviewImporter) -> (artifact id: '1526cf67c1d1aaa9a72597cdbc7bb0b0') in 0.0753323 seconds
Number of updated asset objects reloaded before import = 0Number of asset objects unloaded after import = 19

========================================================================
Received Import Request.
  Time since last request: 0.000039 seconds.
  path: Assets/Settings/UniversalRP.asset
  artifactKey: Guid(681886c5eb7344803b6206f758bf0b1c) Importer(815301076,1909f56bfc062723c751e8b465ee728b)
Start importing Assets/Settings/UniversalRP.asset using Guid(681886c5eb7344803b6206f758bf0b1c) Importer(815301076,1909f56bfc062723c751e8b465ee728b) (PreviewImporter) -> (artifact id: '910a3316ce45b604f98c2ad003aa3cfb') in 0.0023781 seconds
Number of updated asset objects reloaded before import = 0Number of asset objects unloaded after import = 0

========================================================================
Received Import Request.
  Time since last request: 0.000206 seconds.
  path: Assets
  artifactKey: Guid(00000000000000001000000000000000) Importer(815301076,1909f56bfc062723c751e8b465ee728b)
Start importing Assets using Guid(00000000000000001000000000000000) Importer(815301076,1909f56bfc062723c751e8b465ee728b) (PreviewImporter) -> (artifact id: 'c391582d739b6e62a5220f35cbb167ac') in 0.0013765 seconds
Number of updated asset objects reloaded before import = 0Number of asset objects unloaded after import = 0

========================================================================
Received Import Request.
  Time since last request: 0.000022 seconds.
  path: Assets/Settings/Renderer2D.asset
  artifactKey: Guid(424799608f7334c24bf367e4bbfa7f9a) Importer(815301076,1909f56bfc062723c751e8b465ee728b)
Start importing Assets/Settings/Renderer2D.asset using Guid(424799608f7334c24bf367e4bbfa7f9a) Importer(815301076,1909f56bfc062723c751e8b465ee728b) (PreviewImporter) -> (artifact id: '403a0a9c0aeae1e5730532c1b4a28511') in 0.002057 seconds
Number of updated asset objects reloaded before import = 0Number of asset objects unloaded after import = 0

========================================================================
Received Import Request.
  Time since last request: 0.000018 seconds.
  path: Assets/Settings
  artifactKey: Guid(0220aab0833d04faeb927d84ca6cc40c) Importer(815301076,1909f56bfc062723c751e8b465ee728b)
Start importing Assets/Settings using Guid(0220aab0833d04faeb927d84ca6cc40c) Importer(815301076,1909f56bfc062723c751e8b465ee728b) (PreviewImporter) -> (artifact id: '62508b3dd32630cf358da27d8a59d33e') in 0.0009152 seconds
Number of updated asset objects reloaded before import = 0Number of asset objects unloaded after import = 0

========================================================================
Received Import Request.
  Time since last request: 0.069869 seconds.
  path: Assets/DefaultVolumeProfile.asset
  artifactKey: Guid(3f9215ea0144899419cfbc0957140d3f) Importer(815301076,1909f56bfc062723c751e8b465ee728b)
Start importing Assets/DefaultVolumeProfile.asset using Guid(3f9215ea0144899419cfbc0957140d3f) Importer(815301076,1909f56bfc062723c751e8b465ee728b) (PreviewImporter) -> (artifact id: '1e3ee85287093c2e01e2184a29fd3edf') in 0.0018471 seconds
Number of updated asset objects reloaded before import = 0Number of asset objects unloaded after import = 0

========================================================================
Received Import Request.
  Time since last request: 0.000024 seconds.
  path: Assets/UniversalRenderPipelineGlobalSettings.asset
  artifactKey: Guid(93b439a37f63240aca3dd4e01d978a9f) Importer(815301076,1909f56bfc062723c751e8b465ee728b)
Start importing Assets/UniversalRenderPipelineGlobalSettings.asset using Guid(93b439a37f63240aca3dd4e01d978a9f) Importer(815301076,1909f56bfc062723c751e8b465ee728b) (PreviewImporter) -> (artifact id: 'a2dce915d45f31430f8bdd657da3ac60') in 0.0009889 seconds
Number of updated asset objects reloaded before import = 0Number of asset objects unloaded after import = 0

========================================================================
Received Import Request.
  Time since last request: 0.000034 seconds.
  path: Assets/New Folder
  artifactKey: Guid(b7717538f00513744a2393b2c6c13d26) Importer(815301076,1909f56bfc062723c751e8b465ee728b)
Start importing Assets/New Folder using Guid(b7717538f00513744a2393b2c6c13d26) Importer(815301076,1909f56bfc062723c751e8b465ee728b) (PreviewImporter) -> (artifact id: '9d79fdfdc2582602d87ab9bc9a507067') in 0.0007572 seconds
Number of updated asset objects reloaded before import = 0Number of asset objects unloaded after import = 0

========================================================================
Received Import Request.
  Time since last request: 61.114750 seconds.
  path: Assets/images
  artifactKey: Guid(2ee276a2b6f6a8741be203fd162c83e3) Importer(815301076,1909f56bfc062723c751e8b465ee728b)
Start importing Assets/images using Guid(2ee276a2b6f6a8741be203fd162c83e3) Importer(815301076,1909f56bfc062723c751e8b465ee728b) (PreviewImporter) -> (artifact id: 'bca06a794530ba6be03912008b6f652c') in 0.0014068 seconds
Number of updated asset objects reloaded before import = 0Number of asset objects unloaded after import = 0

========================================================================
Received Import Request.
  Time since last request: 82.726972 seconds.
  path: Assets/lmages
  artifactKey: Guid(58f0fe30447253642a287c7ed166fafd) Importer(815301076,1909f56bfc062723c751e8b465ee728b)
Start importing Assets/lmages using Guid(58f0fe30447253642a287c7ed166fafd) Importer(815301076,1909f56bfc062723c751e8b465ee728b) (PreviewImporter) -> (artifact id: '760e1b94f7c60f5ecb21b1220da0a007') in 0.0020595 seconds
Number of updated asset objects reloaded before import = 0Number of asset objects unloaded after import = 0

========================================================================
Received Import Request.
  Time since last request: 0.005992 seconds.
  path: Assets/lmages/ballon_0.png
  artifactKey: Guid(53766883a8b4b5a44a2ff97bc2916de7) Importer(815301076,1909f56bfc062723c751e8b465ee728b)
Start importing Assets/lmages/ballon_0.png using Guid(53766883a8b4b5a44a2ff97bc2916de7) Importer(815301076,1909f56bfc062723c751e8b465ee728b) (PreviewImporter) -> (artifact id: '181705c08e46f85cf6d959a680a23856') in 0.105312 seconds
Number of updated asset objects reloaded before import = 0Number of asset objects unloaded after import = 3

========================================================================
Received Import Request.
  Time since last request: 0.000027 seconds.
  path: Assets/lmages/flower_0.png
  artifactKey: Guid(21c27f01751a0d24da7f5e50b1bf68f2) Importer(815301076,1909f56bfc062723c751e8b465ee728b)
Start importing Assets/lmages/flower_0.png using Guid(21c27f01751a0d24da7f5e50b1bf68f2) Importer(815301076,1909f56bfc062723c751e8b465ee728b) (PreviewImporter) -> (artifact id: '1e9dd72e53c660f79620153d4bdebd22') in 0.0176494 seconds
Number of updated asset objects reloaded before import = 0Number of asset objects unloaded after import = 3

========================================================================
Received Import Request.
  Time since last request: 0.000043 seconds.
  path: Assets/lmages/gameover.png
  artifactKey: Guid(4070220527066c6418f4a1296a98f240) Importer(815301076,1909f56bfc062723c751e8b465ee728b)
Start importing Assets/lmages/gameover.png using Guid(4070220527066c6418f4a1296a98f240) Importer(815301076,1909f56bfc062723c751e8b465ee728b) (PreviewImporter) -> (artifact id: '885fe9e78f2a46490a64a98e1362a39a') in 0.02026 seconds
Number of updated asset objects reloaded before import = 0Number of asset objects unloaded after import = 3

========================================================================
Received Import Request.
  Time since last request: 0.000066 seconds.
  path: Assets/lmages/key_3.png
  artifactKey: Guid(93c4ed42822f9694185d5a8af45514df) Importer(815301076,1909f56bfc062723c751e8b465ee728b)
Start importing Assets/lmages/key_3.png using Guid(93c4ed42822f9694185d5a8af45514df) Importer(815301076,1909f56bfc062723c751e8b465ee728b) (PreviewImporter) -> (artifact id: 'b7c6092e96f83750b6107e5f5e05b4b5') in 0.0185656 seconds
Number of updated asset objects reloaded before import = 0Number of asset objects unloaded after import = 3

========================================================================
Received Import Request.
  Time since last request: 0.000018 seconds.
  path: Assets/lmages/item_03.png
  artifactKey: Guid(532bc4b7d5e2a844b996131ae0ece744) Importer(815301076,1909f56bfc062723c751e8b465ee728b)
Start importing Assets/lmages/item_03.png using Guid(532bc4b7d5e2a844b996131ae0ece744) Importer(815301076,1909f56bfc062723c751e8b465ee728b) (PreviewImporter) -> (artifact id: '64cfc46110d7f89fc95de8f292fb9921') in 0.0262948 seconds
Number of updated asset objects reloaded before import = 0Number of asset objects unloaded after import = 3

========================================================================
Received Import Request.
  Time since last request: 0.000074 seconds.
  path: Assets/lmages/block_04.png
  artifactKey: Guid(2a7e54f174bdc544b980c8cce8aaeef4) Importer(815301076,1909f56bfc062723c751e8b465ee728b)
Start importing Assets/lmages/block_04.png using Guid(2a7e54f174bdc544b980c8cce8aaeef4) Importer(815301076,1909f56bfc062723c751e8b465ee728b) (PreviewImporter) -> (artifact id: 'd84801f16379fa487730dfc92df3aaac') in 0.019301 seconds
Number of updated asset objects reloaded before import = 0Number of asset objects unloaded after import = 3

========================================================================
Received Import Request.
  Time since last request: 0.000086 seconds.
  path: Assets/lmages/item_05.png
  artifactKey: Guid(462203c100689db4bbdce6913b2d7254) Importer(815301076,1909f56bfc062723c751e8b465ee728b)
Start importing Assets/lmages/item_05.png using Guid(462203c100689db4bbdce6913b2d7254) Importer(815301076,1909f56bfc062723c751e8b465ee728b) (PreviewImporter) -> (artifact id: '373d3ec6c7f8ed987716ec5fdd3b019f') in 0.0226374 seconds
Number of updated asset objects reloaded before import = 0Number of asset objects unloaded after import = 3

========================================================================
Received Import Request.
  Time since last request: 0.000019 seconds.
  path: Assets/lmages/car_1.png
  artifactKey: Guid(e616ae60cfe010b42806f63cd7d83ca5) Importer(815301076,1909f56bfc062723c751e8b465ee728b)
Start importing Assets/lmages/car_1.png using Guid(e616ae60cfe010b42806f63cd7d83ca5) Importer(815301076,1909f56bfc062723c751e8b465ee728b) (PreviewImporter) -> (artifact id: '5d320dcc1c3a8404e507d9682331ad4f') in 0.0204928 seconds
Number of updated asset objects reloaded before import = 0Number of asset objects unloaded after import = 3

========================================================================
Received Import Request.
  Time since last request: 0.000026 seconds.
  path: Assets/lmages/missile_2.png
  artifactKey: Guid(f9c70a9063f953a4fab9a1723e53942e) Importer(815301076,1909f56bfc062723c751e8b465ee728b)
Start importing Assets/lmages/missile_2.png using Guid(f9c70a9063f953a4fab9a1723e53942e) Importer(815301076,1909f56bfc062723c751e8b465ee728b) (PreviewImporter) -> (artifact id: '234e5a8fcfe3d28a922818289b5ce3e1') in 0.0181313 seconds
Number of updated asset objects reloaded before import = 0Number of asset objects unloaded after import = 3

========================================================================
Received Import Request.
  Time since last request: 0.000028 seconds.
  path: Assets/lmages/block_09.png
  artifactKey: Guid(d9b8da2d51627064c8b13a2123b2885d) Importer(815301076,1909f56bfc062723c751e8b465ee728b)
Start importing Assets/lmages/block_09.png using Guid(d9b8da2d51627064c8b13a2123b2885d) Importer(815301076,1909f56bfc062723c751e8b465ee728b) (PreviewImporter) -> (artifact id: 'e7cc1b3beb0901180ff96204247ed4f1') in 0.0212925 seconds
Number of updated asset objects reloaded before import = 0Number of asset objects unloaded after import = 3

========================================================================
Received Import Request.
  Time since last request: 0.000023 seconds.
  path: Assets/lmages/key_0.png
  artifactKey: Guid(4b9c02a182a5e5346a842c3bd5851782) Importer(815301076,1909f56bfc062723c751e8b465ee728b)
Start importing Assets/lmages/key_0.png using Guid(4b9c02a182a5e5346a842c3bd5851782) Importer(815301076,1909f56bfc062723c751e8b465ee728b) (PreviewImporter) -> (artifact id: '749dac84b831404558f7a36a3a5ba777') in 0.0183407 seconds
Number of updated asset objects reloaded before import = 0Number of asset objects unloaded after import = 3

========================================================================
Received Import Request.
  Time since last request: 0.000033 seconds.
  path: Assets/lmages/myship_0.png
  artifactKey: Guid(8b1e50cae6f45034ab1f30c394f23dd8) Importer(815301076,1909f56bfc062723c751e8b465ee728b)
Start importing Assets/lmages/myship_0.png using Guid(8b1e50cae6f45034ab1f30c394f23dd8) Importer(815301076,1909f56bfc062723c751e8b465ee728b) (PreviewImporter) -> (artifact id: 'c5e091cad8def24166f52b8400a41cfe') in 0.0240389 seconds
Number of updated asset objects reloaded before import = 0Number of asset objects unloaded after import = 3

========================================================================
Received Import Request.
  Time since last request: 0.000044 seconds.
  path: Assets/lmages/mountain_1.png
  artifactKey: Guid(0d6edbbb4e98aaa45ab09dde3537a011) Importer(815301076,1909f56bfc062723c751e8b465ee728b)
Start importing Assets/lmages/mountain_1.png using Guid(0d6edbbb4e98aaa45ab09dde3537a011) Importer(815301076,1909f56bfc062723c751e8b465ee728b) (PreviewImporter) -> (artifact id: 'c39912e6b9436079f4b6d0c5b0a0d41b') in 0.0215515 seconds
Number of updated asset objects reloaded before import = 0Number of asset objects unloaded after import = 3

========================================================================
Received Import Request.
  Time since last request: 0.000028 seconds.
  path: Assets/lmages/missile_0.png
  artifactKey: Guid(3eb6ead0e21c64d48854e7be18a49816) Importer(815301076,1909f56bfc062723c751e8b465ee728b)
Start importing Assets/lmages/missile_0.png using Guid(3eb6ead0e21c64d48854e7be18a49816) Importer(815301076,1909f56bfc062723c751e8b465ee728b) (PreviewImporter) -> (artifact id: '743f34698338d5ed5a6de9339dbdc108') in 0.0190788 seconds
Number of updated asset objects reloaded before import = 0Number of asset objects unloaded after import = 3

========================================================================
Received Import Request.
  Time since last request: 0.000022 seconds.
  path: Assets/lmages/next.png
  artifactKey: Guid(40eba9d55875c15478573b4156f02a32) Importer(815301076,1909f56bfc062723c751e8b465ee728b)
Start importing Assets/lmages/next.png using Guid(40eba9d55875c15478573b4156f02a32) Importer(815301076,1909f56bfc062723c751e8b465ee728b) (PreviewImporter) -> (artifact id: '6be7d2c1e8c4e49502c4dadb46a5cff6') in 0.0180924 seconds
Number of updated asset objects reloaded before import = 0Number of asset objects unloaded after import = 3

========================================================================
Received Import Request.
  Time since last request: 0.000017 seconds.
  path: Assets/lmages/item_07.png
  artifactKey: Guid(6aa384c638a168d40bc1fa63233ce0a6) Importer(815301076,1909f56bfc062723c751e8b465ee728b)
Start importing Assets/lmages/item_07.png using Guid(6aa384c638a168d40bc1fa63233ce0a6) Importer(815301076,1909f56bfc062723c751e8b465ee728b) (PreviewImporter) -> (artifact id: 'bfcab971ceeb104c643b5764d3cfe74a') in 0.0223003 seconds
Number of updated asset objects reloaded before import = 0Number of asset objects unloaded after import = 3

========================================================================
Received Import Request.
  Time since last request: 0.000016 seconds.
  path: Assets/lmages/item_06.png
  artifactKey: Guid(8fd7a1b7c99434a4096f42447922f89e) Importer(815301076,1909f56bfc062723c751e8b465ee728b)
Start importing Assets/lmages/item_06.png using Guid(8fd7a1b7c99434a4096f42447922f89e) Importer(815301076,1909f56bfc062723c751e8b465ee728b) (PreviewImporter) -> (artifact id: '61d4e5778c390eb4f57f6c99d5c818da') in 0.0210682 seconds
Number of updated asset objects reloaded before import = 0Number of asset objects unloaded after import = 3

========================================================================
Received Import Request.
  Time since last request: 0.000034 seconds.
  path: Assets/lmages/key_2.png
  artifactKey: Guid(06dec18ef5343094ca5a100829e1c512) Importer(815301076,1909f56bfc062723c751e8b465ee728b)
Start importing Assets/lmages/key_2.png using Guid(06dec18ef5343094ca5a100829e1c512) Importer(815301076,1909f56bfc062723c751e8b465ee728b) (PreviewImporter) -> (artifact id: '361a030a11d9b36e034a4cd0483c0248') in 0.0185044 seconds
Number of updated asset objects reloaded before import = 0Number of asset objects unloaded after import = 3

========================================================================
Received Import Request.
  Time since last request: 0.000039 seconds.
  path: Assets/lmages/bomb_1.png
  artifactKey: Guid(4586e961751748640a7189c3bd5784da) Importer(815301076,1909f56bfc062723c751e8b465ee728b)
Start importing Assets/lmages/bomb_1.png using Guid(4586e961751748640a7189c3bd5784da) Importer(815301076,1909f56bfc062723c751e8b465ee728b) (PreviewImporter) -> (artifact id: '1a5ee86bf2a7e860b6bae0b61beaa6e0') in 0.0215097 seconds
Number of updated asset objects reloaded before import = 0Number of asset objects unloaded after import = 3

========================================================================
Received Import Request.
  Time since last request: 0.000018 seconds.
  path: Assets/lmages/flower_3.png
  artifactKey: Guid(ad3814a33c9eb3e42ba3cb5b4d6ecdbb) Importer(815301076,1909f56bfc062723c751e8b465ee728b)
Start importing Assets/lmages/flower_3.png using Guid(ad3814a33c9eb3e42ba3cb5b4d6ecdbb) Importer(815301076,1909f56bfc062723c751e8b465ee728b) (PreviewImporter) -> (artifact id: '189e66659e1d459a7e604a34ca989b5e') in 0.0203981 seconds
Number of updated asset objects reloaded before import = 0Number of asset objects unloaded after import = 3

========================================================================
Received Import Request.
  Time since last request: 0.000016 seconds.
  path: Assets/lmages/item_10.png
  artifactKey: Guid(a7bd189821f5d024a98f057c46abe531) Importer(815301076,1909f56bfc062723c751e8b465ee728b)
Start importing Assets/lmages/item_10.png using Guid(a7bd189821f5d024a98f057c46abe531) Importer(815301076,1909f56bfc062723c751e8b465ee728b) (PreviewImporter) -> (artifact id: '1397af842dba78b15465f5321a375d70') in 0.0188015 seconds
Number of updated asset objects reloaded before import = 0Number of asset objects unloaded after import = 3

========================================================================
Received Import Request.
  Time since last request: 0.000015 seconds.
  path: Assets/lmages/mountain_0.png
  artifactKey: Guid(69089a12bb62c0042ab65194c3538511) Importer(815301076,1909f56bfc062723c751e8b465ee728b)
Start importing Assets/lmages/mountain_0.png using Guid(69089a12bb62c0042ab65194c3538511) Importer(815301076,1909f56bfc062723c751e8b465ee728b) (PreviewImporter) -> (artifact id: '1a72d3e5e27daa19f0e084f0e329f13a') in 0.0188511 seconds
Number of updated asset objects reloaded before import = 0Number of asset objects unloaded after import = 3

========================================================================
Received Import Request.
  Time since last request: 0.000026 seconds.
  path: Assets/lmages/myship_1.png
  artifactKey: Guid(14c862ae04c338e42bc8319cc5d3cc8c) Importer(815301076,1909f56bfc062723c751e8b465ee728b)
Start importing Assets/lmages/myship_1.png using Guid(14c862ae04c338e42bc8319cc5d3cc8c) Importer(815301076,1909f56bfc062723c751e8b465ee728b) (PreviewImporter) -> (artifact id: '9a61d6cb05fb08b1d45e3fdf298903bf') in 0.0193815 seconds
Number of updated asset objects reloaded before import = 0Number of asset objects unloaded after import = 3

========================================================================
Received Import Request.
  Time since last request: 0.000031 seconds.
  path: Assets/lmages/bomb_2.png
  artifactKey: Guid(ae4a346b11e25114bb3e74553cc75c09) Importer(815301076,1909f56bfc062723c751e8b465ee728b)
Start importing Assets/lmages/bomb_2.png using Guid(ae4a346b11e25114bb3e74553cc75c09) Importer(815301076,1909f56bfc062723c751e8b465ee728b) (PreviewImporter) -> (artifact id: '036418361fddfd4ae7ee1f9a7eed4905') in 0.0212047 seconds
Number of updated asset objects reloaded before import = 0Number of asset objects unloaded after import = 3

========================================================================
Received Import Request.
  Time since last request: 0.000065 seconds.
  path: Assets/lmages/player1D_0.png
  artifactKey: Guid(ed53a0dce5aff4d4dad4997fe8e1170f) Importer(815301076,1909f56bfc062723c751e8b465ee728b)
Start importing Assets/lmages/player1D_0.png using Guid(ed53a0dce5aff4d4dad4997fe8e1170f) Importer(815301076,1909f56bfc062723c751e8b465ee728b) (PreviewImporter) -> (artifact id: '55fe267c519069dd3c86eae862183ff9') in 0.0211199 seconds
Number of updated asset objects reloaded before import = 0Number of asset objects unloaded after import = 3

========================================================================
Received Import Request.
  Time since last request: 0.000026 seconds.
  path: Assets/lmages/player1D_3.png
  artifactKey: Guid(aa65bed30803ba84aaa46613914a61c8) Importer(815301076,1909f56bfc062723c751e8b465ee728b)
Start importing Assets/lmages/player1D_3.png using Guid(aa65bed30803ba84aaa46613914a61c8) Importer(815301076,1909f56bfc062723c751e8b465ee728b) (PreviewImporter) -> (artifact id: 'b933a217b17650da7438ba167179b441') in 0.0195141 seconds
Number of updated asset objects reloaded before import = 0Number of asset objects unloaded after import = 3

========================================================================
Received Import Request.
  Time since last request: 0.000027 seconds.
  path: Assets/lmages/player1D_2.png
  artifactKey: Guid(f00a9603093695c42a14db41a1e9cf3b) Importer(815301076,1909f56bfc062723c751e8b465ee728b)
Start importing Assets/lmages/player1D_2.png using Guid(f00a9603093695c42a14db41a1e9cf3b) Importer(815301076,1909f56bfc062723c751e8b465ee728b) (PreviewImporter) -> (artifact id: 'b7ff4e7373fcd9fe4308c6c6c4f970af') in 0.0192761 seconds
Number of updated asset objects reloaded before import = 0Number of asset objects unloaded after import = 3

========================================================================
Received Import Request.
  Time since last request: 0.000022 seconds.
  path: Assets/lmages/item_04.png
  artifactKey: Guid(644f82af5da56b0419c510dc287f2ea3) Importer(815301076,1909f56bfc062723c751e8b465ee728b)
Start importing Assets/lmages/item_04.png using Guid(644f82af5da56b0419c510dc287f2ea3) Importer(815301076,1909f56bfc062723c751e8b465ee728b) (PreviewImporter) -> (artifact id: '2888b31fa70cc03876d2eb602086e5ed') in 0.0207577 seconds
Number of updated asset objects reloaded before import = 0Number of asset objects unloaded after import = 3

========================================================================
Received Import Request.
  Time since last request: 0.000033 seconds.
  path: Assets/lmages/car_0.png
  artifactKey: Guid(9adc088637290c546aa9d756de601f8c) Importer(815301076,1909f56bfc062723c751e8b465ee728b)
Start importing Assets/lmages/car_0.png using Guid(9adc088637290c546aa9d756de601f8c) Importer(815301076,1909f56bfc062723c751e8b465ee728b) (PreviewImporter) -> (artifact id: '38afff6ecfab23dd8d5f1d83cde9cbd0') in 0.0196401 seconds
Number of updated asset objects reloaded before import = 0Number of asset objects unloaded after import = 3

========================================================================
Received Import Request.
  Time since last request: 0.000017 seconds.
  path: Assets/lmages/kaeru_1.png
  artifactKey: Guid(e19f91704467fa248a445357955e1274) Importer(815301076,1909f56bfc062723c751e8b465ee728b)
Start importing Assets/lmages/kaeru_1.png using Guid(e19f91704467fa248a445357955e1274) Importer(815301076,1909f56bfc062723c751e8b465ee728b) (PreviewImporter) -> (artifact id: '09821c15ddfc68cafe7cf8b74d8551b5') in 0.0189513 seconds
Number of updated asset objects reloaded before import = 0Number of asset objects unloaded after import = 3

========================================================================
Received Import Request.
  Time since last request: 0.000024 seconds.
  path: Assets/lmages/kaeru_2.png
  artifactKey: Guid(eecdf688fa972a746bdc4b9eaa432270) Importer(815301076,1909f56bfc062723c751e8b465ee728b)
Start importing Assets/lmages/kaeru_2.png using Guid(eecdf688fa972a746bdc4b9eaa432270) Importer(815301076,1909f56bfc062723c751e8b465ee728b) (PreviewImporter) -> (artifact id: '5719fc5ba2aae5a7e0ae522186d415c2') in 0.0192174 seconds
Number of updated asset objects reloaded before import = 0Number of asset objects unloaded after import = 3

========================================================================
Received Import Request.
  Time since last request: 0.000018 seconds.
  path: Assets/lmages/item_09.png
  artifactKey: Guid(0cd5cf1bd1e4f2846b585d1240d56526) Importer(815301076,1909f56bfc062723c751e8b465ee728b)
Start importing Assets/lmages/item_09.png using Guid(0cd5cf1bd1e4f2846b585d1240d56526) Importer(815301076,1909f56bfc062723c751e8b465ee728b) (PreviewImporter) -> (artifact id: 'b745a073930631ef4d018a6e9ed557d0') in 0.0192656 seconds
Number of updated asset objects reloaded before import = 0Number of asset objects unloaded after import = 3

========================================================================
Received Import Request.
  Time since last request: 0.000026 seconds.
  path: Assets/lmages/ballon_1.png
  artifactKey: Guid(9b835494b60631a48b898ce76855a12f) Importer(815301076,1909f56bfc062723c751e8b465ee728b)
Start importing Assets/lmages/ballon_1.png using Guid(9b835494b60631a48b898ce76855a12f) Importer(815301076,1909f56bfc062723c751e8b465ee728b) (PreviewImporter) -> (artifact id: '61967d15a2955f40858d62727126efcb') in 0.0220722 seconds
Number of updated asset objects reloaded before import = 0Number of asset objects unloaded after import = 3

========================================================================
Received Import Request.
  Time since last request: 0.000057 seconds.
  path: Assets/lmages/cloud_0.png
  artifactKey: Guid(25e8f2c6e1a8dac4f99748d58f90eb19) Importer(815301076,1909f56bfc062723c751e8b465ee728b)
Start importing Assets/lmages/cloud_0.png using Guid(25e8f2c6e1a8dac4f99748d58f90eb19) Importer(815301076,1909f56bfc062723c751e8b465ee728b) (PreviewImporter) -> (artifact id: 'ba358200fb09dc110266efc363d697a8') in 0.0284622 seconds
Number of updated asset objects reloaded before import = 0Number of asset objects unloaded after import = 3

========================================================================
Received Import Request.
  Time since last request: 0.000027 seconds.
  path: Assets/lmages/block_03.png
  artifactKey: Guid(ca9d3babc2007b641a5d0ae1e8b9599b) Importer(815301076,1909f56bfc062723c751e8b465ee728b)
Start importing Assets/lmages/block_03.png using Guid(ca9d3babc2007b641a5d0ae1e8b9599b) Importer(815301076,1909f56bfc062723c751e8b465ee728b) (PreviewImporter) -> (artifact id: 'e89aeccc7bd9d30939e6bd6c9f90befd') in 0.0272249 seconds
Number of updated asset objects reloaded before import = 0Number of asset objects unloaded after import = 3

========================================================================
Received Import Request.
  Time since last request: 0.000025 seconds.
  path: Assets/lmages/gachagon_1.png
  artifactKey: Guid(0e2584732458ff8459829fd2d3f225a8) Importer(815301076,1909f56bfc062723c751e8b465ee728b)
Start importing Assets/lmages/gachagon_1.png using Guid(0e2584732458ff8459829fd2d3f225a8) Importer(815301076,1909f56bfc062723c751e8b465ee728b) (PreviewImporter) -> (artifact id: '9572e39b13e252ce4b48eef39a243917') in 0.0406147 seconds
Number of updated asset objects reloaded before import = 0Number of asset objects unloaded after import = 3

========================================================================
Received Import Request.
  Time since last request: 0.000048 seconds.
  path: Assets/lmages/item_00.png
  artifactKey: Guid(f529dc08d33395f48b3a775817fc47af) Importer(815301076,1909f56bfc062723c751e8b465ee728b)
Start importing Assets/lmages/item_00.png using Guid(f529dc08d33395f48b3a775817fc47af) Importer(815301076,1909f56bfc062723c751e8b465ee728b) (PreviewImporter) -> (artifact id: 'e8c4e8eb3b20fb4df3a9e05060a70bb0') in 0.0229485 seconds
Number of updated asset objects reloaded before import = 0Number of asset objects unloaded after import = 3

========================================================================
Received Import Request.
  Time since last request: 0.000077 seconds.
  path: Assets/lmages/kuiiji_0.png
  artifactKey: Guid(67e87f7db60280844b3a0f981fae653d) Importer(815301076,1909f56bfc062723c751e8b465ee728b)
Start importing Assets/lmages/kuiiji_0.png using Guid(67e87f7db60280844b3a0f981fae653d) Importer(815301076,1909f56bfc062723c751e8b465ee728b) (PreviewImporter) -> (artifact id: 'd369b528970a4516d7f94ef4b2a6d5d7') in 0.0209378 seconds
Number of updated asset objects reloaded before import = 0Number of asset objects unloaded after import = 3

========================================================================
Received Import Request.
  Time since last request: 0.000016 seconds.
  path: Assets/lmages/player1L_1.png
  artifactKey: Guid(ed0052c322adbe24798eb375ff27551d) Importer(815301076,1909f56bfc062723c751e8b465ee728b)
Start importing Assets/lmages/player1L_1.png using Guid(ed0052c322adbe24798eb375ff27551d) Importer(815301076,1909f56bfc062723c751e8b465ee728b) (PreviewImporter) -> (artifact id: 'ae7f1b3aa7cf82e447e2873a240d0335') in 0.0250164 seconds
Number of updated asset objects reloaded before import = 0Number of asset objects unloaded after import = 3

========================================================================
Received Import Request.
  Time since last request: 0.000066 seconds.
  path: Assets/lmages/flower_4.png
  artifactKey: Guid(4c1a36d1c4c931f4ea1246aeb787faa9) Importer(815301076,1909f56bfc062723c751e8b465ee728b)
Start importing Assets/lmages/flower_4.png using Guid(4c1a36d1c4c931f4ea1246aeb787faa9) Importer(815301076,1909f56bfc062723c751e8b465ee728b) (PreviewImporter) -> (artifact id: '7367e57724373d44c58ac95fdc48eaf9') in 0.0214585 seconds
Number of updated asset objects reloaded before import = 0Number of asset objects unloaded after import = 3

========================================================================
Received Import Request.
  Time since last request: 0.000027 seconds.
  path: Assets/lmages/kuiiji_1.png
  artifactKey: Guid(dabe4bf6c5224c947befc4e34e6af2af) Importer(815301076,1909f56bfc062723c751e8b465ee728b)
Start importing Assets/lmages/kuiiji_1.png using Guid(dabe4bf6c5224c947befc4e34e6af2af) Importer(815301076,1909f56bfc062723c751e8b465ee728b) (PreviewImporter) -> (artifact id: 'b18850e402346370aff0f15563fcf5af') in 0.0215803 seconds
Number of updated asset objects reloaded before import = 0Number of asset objects unloaded after import = 3

========================================================================
Received Import Request.
  Time since last request: 0.000034 seconds.
  path: Assets/lmages/player1L_3.png
  artifactKey: Guid(ef4bcbb03c461d5409a90e3832b27409) Importer(815301076,1909f56bfc062723c751e8b465ee728b)
Start importing Assets/lmages/player1L_3.png using Guid(ef4bcbb03c461d5409a90e3832b27409) Importer(815301076,1909f56bfc062723c751e8b465ee728b) (PreviewImporter) -> (artifact id: 'd2fd02039f03db997fa350728ce9f0c7') in 0.0205228 seconds
Number of updated asset objects reloaded before import = 0Number of asset objects unloaded after import = 3

========================================================================
Received Import Request.
  Time since last request: 0.000045 seconds.
  path: Assets/lmages/block_08.png
  artifactKey: Guid(af62469172028564ea95ce4d56649312) Importer(815301076,1909f56bfc062723c751e8b465ee728b)
Start importing Assets/lmages/block_08.png using Guid(af62469172028564ea95ce4d56649312) Importer(815301076,1909f56bfc062723c751e8b465ee728b) (PreviewImporter) -> (artifact id: 'd064a4b0b385b8e30c82d6b4cde4d58a') in 0.0199994 seconds
Number of updated asset objects reloaded before import = 0Number of asset objects unloaded after import = 3

========================================================================
Received Import Request.
  Time since last request: 0.000026 seconds.
  path: Assets/lmages/player1L_0.png
  artifactKey: Guid(ad330b7ddb7c99b47ab0339fef462061) Importer(815301076,1909f56bfc062723c751e8b465ee728b)
Start importing Assets/lmages/player1L_0.png using Guid(ad330b7ddb7c99b47ab0339fef462061) Importer(815301076,1909f56bfc062723c751e8b465ee728b) (PreviewImporter) -> (artifact id: '0fe9b5ebdfd22b04ecc50174daaf4882') in 0.0235637 seconds
Number of updated asset objects reloaded before import = 0Number of asset objects unloaded after import = 3

========================================================================
Received Import Request.
  Time since last request: 0.000084 seconds.
  path: Assets/lmages/button.png
  artifactKey: Guid(19b47ed3173057d4dadaea7e41d2b079) Importer(815301076,1909f56bfc062723c751e8b465ee728b)
Start importing Assets/lmages/button.png using Guid(19b47ed3173057d4dadaea7e41d2b079) Importer(815301076,1909f56bfc062723c751e8b465ee728b) (PreviewImporter) -> (artifact id: '93c2335027b0e1b419d4fd8800f25020') in 0.0331395 seconds
Number of updated asset objects reloaded before import = 0Number of asset objects unloaded after import = 3

========================================================================
Received Import Request.
  Time since last request: 0.000042 seconds.
  path: Assets/lmages/mouja_0.png
  artifactKey: Guid(e49e21c9529d86f45881620c84e26a7b) Importer(815301076,1909f56bfc062723c751e8b465ee728b)
Start importing Assets/lmages/mouja_0.png using Guid(e49e21c9529d86f45881620c84e26a7b) Importer(815301076,1909f56bfc062723c751e8b465ee728b) (PreviewImporter) -> (artifact id: '16fc9d7897edb2adc97017a8dd4c2403') in 0.0285813 seconds
Number of updated asset objects reloaded before import = 0Number of asset objects unloaded after import = 3

========================================================================
Received Import Request.
  Time since last request: 0.000035 seconds.
  path: Assets/lmages/ballon_2.png
  artifactKey: Guid(3b240316178135441ba5fd06c7177ca0) Importer(815301076,1909f56bfc062723c751e8b465ee728b)
Start importing Assets/lmages/ballon_2.png using Guid(3b240316178135441ba5fd06c7177ca0) Importer(815301076,1909f56bfc062723c751e8b465ee728b) (PreviewImporter) -> (artifact id: '1d7772144a72bcb3a01e4b69a10216ee') in 0.0269038 seconds
Number of updated asset objects reloaded before import = 0Number of asset objects unloaded after import = 3

========================================================================
Received Import Request.
  Time since last request: 0.000020 seconds.
  path: Assets/lmages/block_01.png
  artifactKey: Guid(d38652d10b5db054ca4be0b093ad15a0) Importer(815301076,1909f56bfc062723c751e8b465ee728b)
Start importing Assets/lmages/block_01.png using Guid(d38652d10b5db054ca4be0b093ad15a0) Importer(815301076,1909f56bfc062723c751e8b465ee728b) (PreviewImporter) -> (artifact id: '688f5f87202133c2e2f6d265f5c773d8') in 0.0297423 seconds
Number of updated asset objects reloaded before import = 0Number of asset objects unloaded after import = 3

========================================================================
Received Import Request.
  Time since last request: 0.000055 seconds.
  path: Assets/lmages/gameclear.png
  artifactKey: Guid(01116a6edb4947b4aaaf0393be9364f0) Importer(815301076,1909f56bfc062723c751e8b465ee728b)
Start importing Assets/lmages/gameclear.png using Guid(01116a6edb4947b4aaaf0393be9364f0) Importer(815301076,1909f56bfc062723c751e8b465ee728b) (PreviewImporter) -> (artifact id: '320779c2eb0206b48be76fb21312a64a') in 0.0212051 seconds
Number of updated asset objects reloaded before import = 0Number of asset objects unloaded after import = 3

========================================================================
Received Import Request.
  Time since last request: 0.000039 seconds.
  path: Assets/lmages/block_07.png
  artifactKey: Guid(470961481da20dc4dbf6de2f48bbc7ad) Importer(815301076,1909f56bfc062723c751e8b465ee728b)
Start importing Assets/lmages/block_07.png using Guid(470961481da20dc4dbf6de2f48bbc7ad) Importer(815301076,1909f56bfc062723c751e8b465ee728b) (PreviewImporter) -> (artifact id: '2088dc852bebdafbf1fb0711841679e7') in 0.024383 seconds
Number of updated asset objects reloaded before import = 0Number of asset objects unloaded after import = 3

========================================================================
Received Import Request.
  Time since last request: 0.000029 seconds.
  path: Assets/lmages/bomb_3.png
  artifactKey: Guid(d196ef4929870924c840b914f90898a1) Importer(815301076,1909f56bfc062723c751e8b465ee728b)
Start importing Assets/lmages/bomb_3.png using Guid(d196ef4929870924c840b914f90898a1) Importer(815301076,1909f56bfc062723c751e8b465ee728b) (PreviewImporter) -> (artifact id: '5dc26bcf38d1a543275cae979e8f28c0') in 0.1663254 seconds
Number of updated asset objects reloaded before import = 0Number of asset objects unloaded after import = 3

========================================================================
Received Import Request.
  Time since last request: 0.000029 seconds.
  path: Assets/lmages/ballon_3.png
  artifactKey: Guid(35fc83260a9c33f4f9cb755bd266e109) Importer(815301076,1909f56bfc062723c751e8b465ee728b)
Start importing Assets/lmages/ballon_3.png using Guid(35fc83260a9c33f4f9cb755bd266e109) Importer(815301076,1909f56bfc062723c751e8b465ee728b) (PreviewImporter) -> (artifact id: '3a7745eec973728a9c0e993e5eefce46') in 0.028033 seconds
Number of updated asset objects reloaded before import = 0Number of asset objects unloaded after import = 3

========================================================================
Received Import Request.
  Time since last request: 0.000031 seconds.
  path: Assets/lmages/block_10.png
  artifactKey: Guid(e960166bce77dd04eb7eb8efcbb704bb) Importer(815301076,1909f56bfc062723c751e8b465ee728b)
Start importing Assets/lmages/block_10.png using Guid(e960166bce77dd04eb7eb8efcbb704bb) Importer(815301076,1909f56bfc062723c751e8b465ee728b) (PreviewImporter) -> (artifact id: 'a7760c1eddaffd7216611d623c1665df') in 0.025868 seconds
Number of updated asset objects reloaded before import = 0Number of asset objects unloaded after import = 3

========================================================================
Received Import Request.
  Time since last request: 0.000025 seconds.
  path: Assets/lmages/flower_1.png
  artifactKey: Guid(1d18f4edc65e72c4fb772ce80706eb70) Importer(815301076,1909f56bfc062723c751e8b465ee728b)
Start importing Assets/lmages/flower_1.png using Guid(1d18f4edc65e72c4fb772ce80706eb70) Importer(815301076,1909f56bfc062723c751e8b465ee728b) (PreviewImporter) -> (artifact id: '92a2d7f670b3d9ed07b65ae31ecb43ba') in 0.0339393 seconds
Number of updated asset objects reloaded before import = 0Number of asset objects unloaded after import = 3

========================================================================
Received Import Request.
  Time since last request: 0.000076 seconds.
  path: Assets/lmages/flower_2.png
  artifactKey: Guid(4ad8854696d3b3d4ba673e29a6f63372) Importer(815301076,1909f56bfc062723c751e8b465ee728b)
Start importing Assets/lmages/flower_2.png using Guid(4ad8854696d3b3d4ba673e29a6f63372) Importer(815301076,1909f56bfc062723c751e8b465ee728b) (PreviewImporter) -> (artifact id: '161aa00ad038a148cb18d55c23f7c6c0') in 0.0334162 seconds
Number of updated asset objects reloaded before import = 0Number of asset objects unloaded after import = 3

========================================================================
Received Import Request.
  Time since last request: 0.000037 seconds.
  path: Assets/lmages/item_01.png
  artifactKey: Guid(a9e8bcfe81f9bd744bdeb9d0ef59e8a0) Importer(815301076,1909f56bfc062723c751e8b465ee728b)
Start importing Assets/lmages/item_01.png using Guid(a9e8bcfe81f9bd744bdeb9d0ef59e8a0) Importer(815301076,1909f56bfc062723c751e8b465ee728b) (PreviewImporter) -> (artifact id: '83332a4e7dcedd8b7809e8f3c57f3aa3') in 0.0252209 seconds
Number of updated asset objects reloaded before import = 0Number of asset objects unloaded after import = 3

========================================================================
Received Import Request.
  Time since last request: 0.000029 seconds.
  path: Assets/lmages/player1D_1.png
  artifactKey: Guid(ceb6acf155375534db9019b94d517f30) Importer(815301076,1909f56bfc062723c751e8b465ee728b)
Start importing Assets/lmages/player1D_1.png using Guid(ceb6acf155375534db9019b94d517f30) Importer(815301076,1909f56bfc062723c751e8b465ee728b) (PreviewImporter) -> (artifact id: '66376ac66430a6c647dac2b5ecb6d910') in 0.0257683 seconds
Number of updated asset objects reloaded before import = 0Number of asset objects unloaded after import = 3

========================================================================
Received Import Request.
  Time since last request: 0.000032 seconds.
  path: Assets/lmages/block_02.png
  artifactKey: Guid(f0fa1b50417cf2540819d3a65102de46) Importer(815301076,1909f56bfc062723c751e8b465ee728b)
Start importing Assets/lmages/block_02.png using Guid(f0fa1b50417cf2540819d3a65102de46) Importer(815301076,1909f56bfc062723c751e8b465ee728b) (PreviewImporter) -> (artifact id: 'a2c4cd353ac4cb4afb763353821d8cb0') in 0.0223851 seconds
Number of updated asset objects reloaded before import = 0Number of asset objects unloaded after import = 3

========================================================================
Received Import Request.
  Time since last request: 0.000022 seconds.
  path: Assets/lmages/block_00.png
  artifactKey: Guid(cbe09d643a50fae42bde06d799873e9c) Importer(815301076,1909f56bfc062723c751e8b465ee728b)
Start importing Assets/lmages/block_00.png using Guid(cbe09d643a50fae42bde06d799873e9c) Importer(815301076,1909f56bfc062723c751e8b465ee728b) (PreviewImporter) -> (artifact id: '1edb86e646d32732097f8e880f96d6a9') in 0.0215516 seconds
Number of updated asset objects reloaded before import = 0Number of asset objects unloaded after import = 3

========================================================================
Received Import Request.
  Time since last request: 0.000031 seconds.
  path: Assets/lmages/gachagon_0.png
  artifactKey: Guid(8d151f4ec450af54fb3409a05f8b9a92) Importer(815301076,1909f56bfc062723c751e8b465ee728b)
Start importing Assets/lmages/gachagon_0.png using Guid(8d151f4ec450af54fb3409a05f8b9a92) Importer(815301076,1909f56bfc062723c751e8b465ee728b) (PreviewImporter) -> (artifact id: '6206d5ff6ce853a7b4485dfd0e74d6ac') in 0.0204509 seconds
Number of updated asset objects reloaded before import = 0Number of asset objects unloaded after import = 3

========================================================================
Received Import Request.
  Time since last request: 0.000028 seconds.
  path: Assets/lmages/bomb_5.png
  artifactKey: Guid(0269cc67366090e4d9183dc35992c790) Importer(815301076,1909f56bfc062723c751e8b465ee728b)
Start importing Assets/lmages/bomb_5.png using Guid(0269cc67366090e4d9183dc35992c790) Importer(815301076,1909f56bfc062723c751e8b465ee728b) (PreviewImporter) -> (artifact id: '4ec1eed243629298732d3d9fe78d8501') in 0.0516088 seconds
Number of updated asset objects reloaded before import = 0Number of asset objects unloaded after import = 7

========================================================================
Received Import Request.
  Time since last request: 0.000045 seconds.
  path: Assets/lmages/kaeru_0.png
  artifactKey: Guid(c5e0b1b843116c2449cf83f646f094df) Importer(815301076,1909f56bfc062723c751e8b465ee728b)
Start importing Assets/lmages/kaeru_0.png using Guid(c5e0b1b843116c2449cf83f646f094df) Importer(815301076,1909f56bfc062723c751e8b465ee728b) (PreviewImporter) -> (artifact id: 'd4b722f1fb8a55bd914c0d0390766fb0') in 0.0197607 seconds
Number of updated asset objects reloaded before import = 0Number of asset objects unloaded after import = 3

========================================================================
Received Import Request.
  Time since last request: 0.000025 seconds.
  path: Assets/lmages/key_1.png
  artifactKey: Guid(b2a36a4c55fe1d441bc6356e075a159a) Importer(815301076,1909f56bfc062723c751e8b465ee728b)
Start importing Assets/lmages/key_1.png using Guid(b2a36a4c55fe1d441bc6356e075a159a) Importer(815301076,1909f56bfc062723c751e8b465ee728b) (PreviewImporter) -> (artifact id: '1216484033a547cbea0dad2a041eabbd') in 0.021163 seconds
Number of updated asset objects reloaded before import = 0Number of asset objects unloaded after import = 3

========================================================================
Received Import Request.
  Time since last request: 0.000072 seconds.
  path: Assets/lmages/item_02.png
  artifactKey: Guid(b110c1e078602f54ab0448d514e30cd6) Importer(815301076,1909f56bfc062723c751e8b465ee728b)
Start importing Assets/lmages/item_02.png using Guid(b110c1e078602f54ab0448d514e30cd6) Importer(815301076,1909f56bfc062723c751e8b465ee728b) (PreviewImporter) -> (artifact id: '3c6cfffe9ee32c1233f7edf439847c7d') in 0.0222137 seconds
Number of updated asset objects reloaded before import = 0Number of asset objects unloaded after import = 3

========================================================================
Received Import Request.
  Time since last request: 0.000027 seconds.
  path: Assets/lmages/obake_0.png
  artifactKey: Guid(f4e3b6c4096f15c40b8d8c23a3f896d4) Importer(815301076,1909f56bfc062723c751e8b465ee728b)
Start importing Assets/lmages/obake_0.png using Guid(f4e3b6c4096f15c40b8d8c23a3f896d4) Importer(815301076,1909f56bfc062723c751e8b465ee728b) (PreviewImporter) -> (artifact id: '76be376d123886e5f5e9be30a4d0decf') in 0.0261978 seconds
Number of updated asset objects reloaded before import = 0Number of asset objects unloaded after import = 3

========================================================================
Received Import Request.
  Time since last request: 0.000022 seconds.
  path: Assets/lmages/block_11.png
  artifactKey: Guid(b6b7d6a26c91792428f0c16694f86093) Importer(815301076,1909f56bfc062723c751e8b465ee728b)
Start importing Assets/lmages/block_11.png using Guid(b6b7d6a26c91792428f0c16694f86093) Importer(815301076,1909f56bfc062723c751e8b465ee728b) (PreviewImporter) -> (artifact id: '2bfc16955ed79c682d5b048a0715ac7b') in 0.0245674 seconds
Number of updated asset objects reloaded before import = 0Number of asset objects unloaded after import = 3

========================================================================
Received Import Request.
  Time since last request: 0.000057 seconds.
  path: Assets/lmages/flower_5.png
  artifactKey: Guid(373027e9b5e60f4458d57970e231d64a) Importer(815301076,1909f56bfc062723c751e8b465ee728b)
Start importing Assets/lmages/flower_5.png using Guid(373027e9b5e60f4458d57970e231d64a) Importer(815301076,1909f56bfc062723c751e8b465ee728b) (PreviewImporter) -> (artifact id: '76f13fd6afa7f690453722548a203c3d') in 0.0251264 seconds
Number of updated asset objects reloaded before import = 0Number of asset objects unloaded after import = 3

========================================================================
Received Import Request.
  Time since last request: 0.000036 seconds.
  path: Assets/lmages/block_06.png
  artifactKey: Guid(1885d71eb182e28498d56f4c56df7acd) Importer(815301076,1909f56bfc062723c751e8b465ee728b)
Start importing Assets/lmages/block_06.png using Guid(1885d71eb182e28498d56f4c56df7acd) Importer(815301076,1909f56bfc062723c751e8b465ee728b) (PreviewImporter) -> (artifact id: 'bbd17de6a581b0c05fe1c217488f0b24') in 0.0218364 seconds
Number of updated asset objects reloaded before import = 0Number of asset objects unloaded after import = 3

========================================================================
Received Import Request.
  Time since last request: 0.000037 seconds.
  path: Assets/lmages/item_08.png
  artifactKey: Guid(ebe4adf147f362d4aa7fe8de8f7e7dcb) Importer(815301076,1909f56bfc062723c751e8b465ee728b)
Start importing Assets/lmages/item_08.png using Guid(ebe4adf147f362d4aa7fe8de8f7e7dcb) Importer(815301076,1909f56bfc062723c751e8b465ee728b) (PreviewImporter) -> (artifact id: '23ec91245b4bf0b4d105d0166c583c2b') in 0.0247602 seconds
Number of updated asset objects reloaded before import = 0Number of asset objects unloaded after import = 3

========================================================================
Received Import Request.
  Time since last request: 0.000016 seconds.
  path: Assets/lmages/item_11.png
  artifactKey: Guid(e2e0f30baafa2834ebdf2b82590047e1) Importer(815301076,1909f56bfc062723c751e8b465ee728b)
Start importing Assets/lmages/item_11.png using Guid(e2e0f30baafa2834ebdf2b82590047e1) Importer(815301076,1909f56bfc062723c751e8b465ee728b) (PreviewImporter) -> (artifact id: 'ad6d7c5d9d691d803c42867ca15d76cd') in 0.0278065 seconds
Number of updated asset objects reloaded before import = 0Number of asset objects unloaded after import = 3

========================================================================
Received Import Request.
  Time since last request: 0.000020 seconds.
  path: Assets/lmages/obake_1.png
  artifactKey: Guid(6dfadd5cf402fe9469608f8718a5e90b) Importer(815301076,1909f56bfc062723c751e8b465ee728b)
Start importing Assets/lmages/obake_1.png using Guid(6dfadd5cf402fe9469608f8718a5e90b) Importer(815301076,1909f56bfc062723c751e8b465ee728b) (PreviewImporter) -> (artifact id: '6002850d1a6ed70d57429835677c5804') in 0.0260843 seconds
Number of updated asset objects reloaded before import = 0Number of asset objects unloaded after import = 3

========================================================================
Received Import Request.
  Time since last request: 0.000040 seconds.
  path: Assets/lmages/missile_1.png
  artifactKey: Guid(e4e40c7fc90b9f045bab894e12749d5c) Importer(815301076,1909f56bfc062723c751e8b465ee728b)
Start importing Assets/lmages/missile_1.png using Guid(e4e40c7fc90b9f045bab894e12749d5c) Importer(815301076,1909f56bfc062723c751e8b465ee728b) (PreviewImporter) -> (artifact id: '433c9c1324ca6c51ddd336ba2bbe9e6e') in 0.0273927 seconds
Number of updated asset objects reloaded before import = 0Number of asset objects unloaded after import = 3

========================================================================
Received Import Request.
  Time since last request: 0.000018 seconds.
  path: Assets/lmages/cloud_1.png
  artifactKey: Guid(ade5518d51e63f34c8834d10aa140069) Importer(815301076,1909f56bfc062723c751e8b465ee728b)
Start importing Assets/lmages/cloud_1.png using Guid(ade5518d51e63f34c8834d10aa140069) Importer(815301076,1909f56bfc062723c751e8b465ee728b) (PreviewImporter) -> (artifact id: 'c438157e4318e7d1f8422e5f1cda326d') in 0.0294813 seconds
Number of updated asset objects reloaded before import = 0Number of asset objects unloaded after import = 3

========================================================================
Received Import Request.
  Time since last request: 0.000022 seconds.
  path: Assets/lmages/key_4.png
  artifactKey: Guid(f635f9f8cc474e74bb493738b8970c25) Importer(815301076,1909f56bfc062723c751e8b465ee728b)
Start importing Assets/lmages/key_4.png using Guid(f635f9f8cc474e74bb493738b8970c25) Importer(815301076,1909f56bfc062723c751e8b465ee728b) (PreviewImporter) -> (artifact id: '8b65f0b6a579aafb31bee02319edf6c7') in 0.0265452 seconds
Number of updated asset objects reloaded before import = 0Number of asset objects unloaded after import = 3

========================================================================
Received Import Request.
  Time since last request: 0.000060 seconds.
  path: Assets/lmages/player1L_2.png
  artifactKey: Guid(bffcf856b07c69a49ae5102039de726b) Importer(815301076,1909f56bfc062723c751e8b465ee728b)
Start importing Assets/lmages/player1L_2.png using Guid(bffcf856b07c69a49ae5102039de726b) Importer(815301076,1909f56bfc062723c751e8b465ee728b) (PreviewImporter) -> (artifact id: 'd7d536f607db50000cd242265353240b') in 0.0292042 seconds
Number of updated asset objects reloaded before import = 0Number of asset objects unloaded after import = 3

========================================================================
Received Import Request.
  Time since last request: 0.000045 seconds.
  path: Assets/lmages/gishinanki_0.png
  artifactKey: Guid(fdd4f60fbbaca91459f3905fb75f603a) Importer(815301076,1909f56bfc062723c751e8b465ee728b)
Start importing Assets/lmages/gishinanki_0.png using Guid(fdd4f60fbbaca91459f3905fb75f603a) Importer(815301076,1909f56bfc062723c751e8b465ee728b) (PreviewImporter) -> (artifact id: '72235ec23f3771440416b653cf95dd54') in 0.028459 seconds
Number of updated asset objects reloaded before import = 0Number of asset objects unloaded after import = 3

========================================================================
Received Import Request.
  Time since last request: 0.000020 seconds.
  path: Assets/lmages/bomb_0.png
  artifactKey: Guid(5de883c1212ef8b49a998df8cd2be50a) Importer(815301076,1909f56bfc062723c751e8b465ee728b)
Start importing Assets/lmages/bomb_0.png using Guid(5de883c1212ef8b49a998df8cd2be50a) Importer(815301076,1909f56bfc062723c751e8b465ee728b) (PreviewImporter) -> (artifact id: 'e3469ce967c0dfb79c3d6dce6e6b4b43') in 0.0265006 seconds
Number of updated asset objects reloaded before import = 0Number of asset objects unloaded after import = 3

========================================================================
Received Import Request.
  Time since last request: 0.000029 seconds.
  path: Assets/lmages/mouja_1.png
  artifactKey: Guid(a3356606da5fbb346a9758e5c73f7e5d) Importer(815301076,1909f56bfc062723c751e8b465ee728b)
Start importing Assets/lmages/mouja_1.png using Guid(a3356606da5fbb346a9758e5c73f7e5d) Importer(815301076,1909f56bfc062723c751e8b465ee728b) (PreviewImporter) -> (artifact id: '067c6a42f57d61f79781086208710f29') in 0.0234891 seconds
Number of updated asset objects reloaded before import = 0Number of asset objects unloaded after import = 3

========================================================================
Received Import Request.
  Time since last request: 0.000027 seconds.
  path: Assets/lmages/bomb_4.png
  artifactKey: Guid(dd75bd893b9b8474b8dbfa8c6eb79e6b) Importer(815301076,1909f56bfc062723c751e8b465ee728b)
Start importing Assets/lmages/bomb_4.png using Guid(dd75bd893b9b8474b8dbfa8c6eb79e6b) Importer(815301076,1909f56bfc062723c751e8b465ee728b) (PreviewImporter) -> (artifact id: 'b8965e0eeeaa19a7a52310014ad7a102') in 0.0267955 seconds
Number of updated asset objects reloaded before import = 0Number of asset objects unloaded after import = 3

========================================================================
Received Import Request.
  Time since last request: 0.000045 seconds.
  path: Assets/lmages/gishinanki_1.png
  artifactKey: Guid(4e5e49aed4c18c54e9dbe8fc5ae7f6f3) Importer(815301076,1909f56bfc062723c751e8b465ee728b)
Start importing Assets/lmages/gishinanki_1.png using Guid(4e5e49aed4c18c54e9dbe8fc5ae7f6f3) Importer(815301076,1909f56bfc062723c751e8b465ee728b) (PreviewImporter) -> (artifact id: '510e623486abd97c76e2b36d03d7a798') in 0.035482 seconds
Number of updated asset objects reloaded before import = 0Number of asset objects unloaded after import = 3

========================================================================
Received Import Request.
  Time since last request: 0.000028 seconds.
  path: Assets/lmages/block_05.png
  artifactKey: Guid(667fa491978e5c84d98482cfb541be03) Importer(815301076,1909f56bfc062723c751e8b465ee728b)
Start importing Assets/lmages/block_05.png using Guid(667fa491978e5c84d98482cfb541be03) Importer(815301076,1909f56bfc062723c751e8b465ee728b) (PreviewImporter) -> (artifact id: '2d4132b79a6ab488150325326dc292c2') in 0.0237208 seconds
Number of updated asset objects reloaded before import = 0Number of asset objects unloaded after import = 3

